<?xml version="1.0" encoding="UTF-8"?>
<!-- Generated by org.testng.reporters.JUnitReportReporter -->
<testsuite hostname="DESKTOP-NH7HDV4" failures="0" tests="8" name="module.HomeTest" time="24.821" errors="0" timestamp="01 Feb 2019 12:59:59 GMT" skipped="7">
  <testcase classname="module.HomeTest" name="toMouseHoverOnTutorial" time="24.821"/>
  <testcase classname="module.HomeTest" name="toEnterMaleFemale">
    <skipped/>
  </testcase> <!-- toEnterMaleFemale -->
  <testcase classname="module.HomeTest" name="toLink">
    <skipped/>
  </testcase> <!-- toLink -->
  <testcase classname="module.HomeTest" name="tc1">
    <skipped/>
  </testcase> <!-- tc1 -->
  <testcase classname="module.HomeTest" name="toEnterPracticeForm">
    <skipped/>
  </testcase> <!-- toEnterPracticeForm -->
  <testcase classname="module.HomeTest" name="togetWebTable">
    <skipped/>
  </testcase> <!-- togetWebTable -->
  <testcase classname="module.HomeTest" name="toClickPartial">
    <skipped/>
  </testcase> <!-- toClickPartial -->
  <testcase classname="module.HomeTest" name="toEnterUser">
    <skipped/>
  </testcase> <!-- toEnterUser -->
</testsuite> <!-- module.HomeTest -->
