<?xml version="1.0" encoding="UTF-8"?>
<!-- Generated by org.testng.reporters.JUnitReportReporter -->
<testsuite skipped="8" hostname="DESKTOP-NH7HDV4" name="module.HomeTest" tests="9" failures="0" timestamp="01 Feb 2019 16:16:20 GMT" time="33.077" errors="0">
  <testcase name="validateSupportEmail" time="33.077" classname="module.HomeTest"/>
  <testcase name="toEnterMaleFemale" classname="module.HomeTest">
    <skipped/>
  </testcase> <!-- toEnterMaleFemale -->
  <testcase name="toLink" classname="module.HomeTest">
    <skipped/>
  </testcase> <!-- toLink -->
  <testcase name="tc1" classname="module.HomeTest">
    <skipped/>
  </testcase> <!-- tc1 -->
  <testcase name="toEnterPracticeForm" classname="module.HomeTest">
    <skipped/>
  </testcase> <!-- toEnterPracticeForm -->
  <testcase name="togetWebTable" classname="module.HomeTest">
    <skipped/>
  </testcase> <!-- togetWebTable -->
  <testcase name="toClickPartial" classname="module.HomeTest">
    <skipped/>
  </testcase> <!-- toClickPartial -->
  <testcase name="toEnterUser" classname="module.HomeTest">
    <skipped/>
  </testcase> <!-- toEnterUser -->
  <testcase name="toMouseHoverOnTutorial" classname="module.HomeTest">
    <skipped/>
  </testcase> <!-- toMouseHoverOnTutorial -->
</testsuite> <!-- module.HomeTest -->
