<?xml version="1.0" encoding="UTF-8"?>
<!-- Generated by org.testng.reporters.JUnitReportReporter -->
<testsuite skipped="5" hostname="DESKTOP-NH7HDV4" name="module.HomeTest" tests="6" failures="0" timestamp="01 Feb 2019 06:45:56 GMT" time="92.280" errors="0">
  <testcase name="toEnterPracticeForm" time="92.280" classname="module.HomeTest"/>
  <testcase name="toEnterMaleFemale" classname="module.HomeTest">
    <skipped/>
  </testcase> <!-- toEnterMaleFemale -->
  <testcase name="toLink" classname="module.HomeTest">
    <skipped/>
  </testcase> <!-- toLink -->
  <testcase name="tc1" classname="module.HomeTest">
    <skipped/>
  </testcase> <!-- tc1 -->
  <testcase name="toClickPartial" classname="module.HomeTest">
    <skipped/>
  </testcase> <!-- toClickPartial -->
  <testcase name="toEnterUser" classname="module.HomeTest">
    <skipped/>
  </testcase> <!-- toEnterUser -->
</testsuite> <!-- module.HomeTest -->
