<?xml version="1.0" encoding="UTF-8"?>
<!-- Generated by org.testng.reporters.JUnitReportReporter -->
<testsuite hostname="DESKTOP-NH7HDV4" failures="0" tests="6" name="module.HomeTest" time="92.268" errors="0" timestamp="01 Feb 2019 08:01:23 GMT" skipped="5">
  <testcase classname="module.HomeTest" name="toEnterPracticeForm" time="92.268"/>
  <testcase classname="module.HomeTest" name="toEnterMaleFemale">
    <skipped/>
  </testcase> <!-- toEnterMaleFemale -->
  <testcase classname="module.HomeTest" name="toLink">
    <skipped/>
  </testcase> <!-- toLink -->
  <testcase classname="module.HomeTest" name="tc1">
    <skipped/>
  </testcase> <!-- tc1 -->
  <testcase classname="module.HomeTest" name="toClickPartial">
    <skipped/>
  </testcase> <!-- toClickPartial -->
  <testcase classname="module.HomeTest" name="toEnterUser">
    <skipped/>
  </testcase> <!-- toEnterUser -->
</testsuite> <!-- module.HomeTest -->
